<?xml version="1.0" encoding="UTF-8" ?>
<testsuite errors="0" failures="6" hostname="net489" name="demo.test.StringDemoTest" skipped="0" tests="10" time="0.019" timestamp="2017-04-18T03:23:14">
  <properties>
[...]
</properties>
  <testcase classname="demo.test.StringDemoTest" name="testSmallString10" time="0.003">
    <failure message="一个字母变小写 expected:&lt;[g]&gt; but was:&lt;[ ]&gt;" type="junit.framework.ComparisonFailure">junit.framework.ComparisonFailure: 一个字母变小写 expected:&lt;[g]&gt; but was:&lt;[ ]&gt;
	at demo.test.StringDemoTest.testSmallString10(Unknown Source)
	at org.eclipse.ant.internal.launching.remote.EclipseDefaultExecutor.executeTargets(EclipseDefaultExecutor.java:36)
	at org.eclipse.ant.internal.launching.remote.InternalAntRunner.run(InternalAntRunner.java:453)
	at org.eclipse.ant.internal.launching.remote.InternalAntRunner.main(InternalAntRunner.java:140)
</failure>
  </testcase>
  <testcase classname="demo.test.StringDemoTest" name="testSmallString9" time="0.0">
    <failure message="一个字母变小写 expected:&lt;f[f]&gt; but was:&lt;f[]&gt;" type="junit.framework.ComparisonFailure">junit.framework.ComparisonFailure: 一个字母变小写 expected:&lt;f[f]&gt; but was:&lt;f[]&gt;
	at demo.test.StringDemoTest.testSmallString9(Unknown Source)
	at org.eclipse.ant.internal.launching.remote.EclipseDefaultExecutor.executeTargets(EclipseDefaultExecutor.java:36)
	at org.eclipse.ant.internal.launching.remote.InternalAntRunner.run(InternalAntRunner.java:453)
	at org.eclipse.ant.internal.launching.remote.InternalAntRunner.main(InternalAntRunner.java:140)
</failure>
  </testcase>
  <testcase classname="demo.test.StringDemoTest" name="testSmallString2" time="0.0" />
  <testcase classname="demo.test.StringDemoTest" name="testSmallString8" time="0.001">
    <failure message="一个字母变小写 expected:&lt;e[]&gt; but was:&lt;e[ee]&gt;" type="junit.framework.ComparisonFailure">junit.framework.ComparisonFailure: 一个字母变小写 expected:&lt;e[]&gt; but was:&lt;e[ee]&gt;
	at demo.test.StringDemoTest.testSmallString8(Unknown Source)
	at org.eclipse.ant.internal.launching.remote.EclipseDefaultExecutor.executeTargets(EclipseDefaultExecutor.java:36)
	at org.eclipse.ant.internal.launching.remote.InternalAntRunner.run(InternalAntRunner.java:453)
	at org.eclipse.ant.internal.launching.remote.InternalAntRunner.main(InternalAntRunner.java:140)
</failure>
  </testcase>
  <testcase classname="demo.test.StringDemoTest" name="testSmallString7" time="0.0" />
  <testcase classname="demo.test.StringDemoTest" name="testSmallString5" time="0.0">
    <failure message="一个字母变小写 expected:&lt;[c]&gt; but was:&lt;[,]&gt;" type="junit.framework.ComparisonFailure">junit.framework.ComparisonFailure: 一个字母变小写 expected:&lt;[c]&gt; but was:&lt;[,]&gt;
	at demo.test.StringDemoTest.testSmallString5(Unknown Source)
	at org.eclipse.ant.internal.launching.remote.EclipseDefaultExecutor.executeTargets(EclipseDefaultExecutor.java:36)
	at org.eclipse.ant.internal.launching.remote.InternalAntRunner.run(InternalAntRunner.java:453)
	at org.eclipse.ant.internal.launching.remote.InternalAntRunner.main(InternalAntRunner.java:140)
</failure>
  </testcase>
  <testcase classname="demo.test.StringDemoTest" name="testSmallString6" time="0.0" />
  <testcase classname="demo.test.StringDemoTest" name="testSmallString1" time="0.0" />
  <testcase classname="demo.test.StringDemoTest" name="testSmallString3" time="0.0">
    <failure message="一个字母变小写 expected:&lt;[b]&gt; but was:&lt;[B]&gt;" type="junit.framework.ComparisonFailure">junit.framework.ComparisonFailure: 一个字母变小写 expected:&lt;[b]&gt; but was:&lt;[B]&gt;
	at demo.test.StringDemoTest.testSmallString3(Unknown Source)
	at org.eclipse.ant.internal.launching.remote.EclipseDefaultExecutor.executeTargets(EclipseDefaultExecutor.java:36)
	at org.eclipse.ant.internal.launching.remote.InternalAntRunner.run(InternalAntRunner.java:453)
	at org.eclipse.ant.internal.launching.remote.InternalAntRunner.main(InternalAntRunner.java:140)
</failure>
  </testcase>
  <testcase classname="demo.test.StringDemoTest" name="testSmallString4" time="0.001">
    <failure message="一个字母变小写 expected:&lt;[b]&gt; but was:&lt;[a]&gt;" type="junit.framework.ComparisonFailure">junit.framework.ComparisonFailure: 一个字母变小写 expected:&lt;[b]&gt; but was:&lt;[a]&gt;
	at demo.test.StringDemoTest.testSmallString4(Unknown Source)
	at org.eclipse.ant.internal.launching.remote.EclipseDefaultExecutor.executeTargets(EclipseDefaultExecutor.java:36)
	at org.eclipse.ant.internal.launching.remote.InternalAntRunner.run(InternalAntRunner.java:453)
	at org.eclipse.ant.internal.launching.remote.InternalAntRunner.main(InternalAntRunner.java:140)
</failure>
  </testcase>
  <system-out><![CDATA[]]></system-out>
  <system-err><![CDATA[]]></system-err>
</testsuite>
